LocationLab/app/build/outputs/logs/manifest-merger-debug-report.txt
-- Merging decision tree log ---
manifest
ADDED from src\main\AndroidManifest.xml:2:1-28:12
	package
		ADDED from src\main\AndroidManifest.xml:3:5-38
		INJECTED from src\main\AndroidManifest.xml
		INJECTED from src\main\AndroidManifest.xml
	android:versionName
		INJECTED from src\main\AndroidManifest.xml
		INJECTED from src\main\AndroidManifest.xml
	xmlns:android
		ADDED from src\main\AndroidManifest.xml:2:11-69
	android:versionCode
		INJECTED from src\main\AndroidManifest.xml
		INJECTED from src\main\AndroidManifest.xml
uses-permission#android.permission.ACCESS_COARSE_LOCATION
ADDED from src\main\AndroidManifest.xml:5:5-80
	android:name
		ADDED from src\main\AndroidManifest.xml:5:22-78
uses-permission#android.permission.ACCESS_FINE_LOCATION
ADDED from src\main\AndroidManifest.xml:6:5-78
	android:name
		ADDED from src\main\AndroidManifest.xml:6:22-76
uses-permission#android.permission.ACCESS_MOCK_LOCATION
ADDED from src\main\AndroidManifest.xml:7:5-78
	android:name
		ADDED from src\main\AndroidManifest.xml:7:22-76
uses-permission#android.permission.INTERNET
ADDED from src\main\AndroidManifest.xml:8:5-66
	android:name
		ADDED from src\main\AndroidManifest.xml:8:22-64
application
ADDED from src\main\AndroidManifest.xml:12:5-26:19
MERGED from [com.android.support.constraint:constraint-layout:1.0.2] AndroidManifest.xml:9:5-20
	android:label
		ADDED from src\main\AndroidManifest.xml:15:9-41
	android:supportsRtl
		ADDED from src\main\AndroidManifest.xml:17:9-35
	android:roundIcon
		ADDED from src\main\AndroidManifest.xml:16:9-54
	android:allowBackup
		ADDED from src\main\AndroidManifest.xml:13:9-35
	android:icon
		ADDED from src\main\AndroidManifest.xml:14:9-43
	android:theme
		ADDED from src\main\AndroidManifest.xml:18:9-40
activity#course.labs.locationlab.PlaceViewActivity
ADDED from src\main\AndroidManifest.xml:19:9-25:20
	android:name
		ADDED from src\main\AndroidManifest.xml:19:19-52
intent-filter#android.intent.action.MAIN+android.intent.category.LAUNCHER
ADDED from src\main\AndroidManifest.xml:20:13-24:29
action#android.intent.action.MAIN
ADDED from src\main\AndroidManifest.xml:21:17-69
	android:name
		ADDED from src\main\AndroidManifest.xml:21:25-66
category#android.intent.category.LAUNCHER
ADDED from src\main\AndroidManifest.xml:23:17-77
	android:name
		ADDED from src\main\AndroidManifest.xml:23:27-74
uses-sdk
INJECTED from src\main\AndroidManifest.xml reason: use-sdk injection requested
MERGED from [com.android.support.constraint:constraint-layout:1.0.2] AndroidManifest.xml:5:5-7:41
	android:targetSdkVersion
		INJECTED from src\main\AndroidManifest.xml
		INJECTED from src\main\AndroidManifest.xml
	android:minSdkVersion
		INJECTED from src\main\AndroidManifest.xml
		INJECTED from src\main\AndroidManifest.xml